<?xml version="1.0" encoding="UTF-8"?>
<testng-results ignored="0" total="1" passed="1" failed="0" skipped="0">
  <reporter-output>
  </reporter-output>
  <suite started-at="2023-12-21T00:21:33 IST" name="Default suite" finished-at="2023-12-21T00:21:33 IST" duration-ms="126">
    <groups>
    </groups>
    <test started-at="2023-12-21T00:21:33 IST" name="Default test" finished-at="2023-12-21T00:21:33 IST" duration-ms="126">
      <class name="TestClasses.LoginTest">
        <test-method signature="firstTC_1()[pri:0, instance:TestClasses.LoginTest@4b41e4dd]" started-at="2023-12-21T00:21:33 IST" name="firstTC_1" finished-at="2023-12-21T00:21:33 IST" duration-ms="17" status="PASS">
          <reporter-output>
          </reporter-output>
        </test-method> <!-- firstTC_1 -->
      </class> <!-- TestClasses.LoginTest -->
    </test> <!-- Default test -->
  </suite> <!-- Default suite -->
</testng-results>
